# JRE version: Java(TM) SE Runtime Environment 18.9 (11.0.17+10) (build 11.0.17+10-LTS-269)
# Java VM: Java HotSpot(TM) 64-Bit Server VM 18.9 (11.0.17+10-LTS-269, mixed mode, tiered, compressed oops, g1 gc, windows-amd64)
Heap:
 garbage-first heap   total 28672K, used 15583K [0x00000000fe400000, 0x0000000100000000)
  region size 1024K, 11 young (11264K), 2 survivors (2048K)
 Metaspace       used 16132K, capacity 16570K, committed 16768K, reserved 1064960K
  class space    used 1891K, capacity 2094K, committed 2176K, reserved 1048576K
GC Heap History (6 events):
Event: 0.719 GC heap before
{Heap before GC invocations=0 (full 0):
 garbage-first heap   total 28672K, used 17408K [0x00000000fe400000, 0x0000000100000000)
  region size 1024K, 13 young (13312K), 0 survivors (0K)
 Metaspace       used 11712K, capacity 11967K, committed 12160K, reserved 1060864K
  class space    used 1231K, capacity 1317K, committed 1408K, reserved 1048576K
}
Event: 0.727 GC heap after
{Heap after GC invocations=1 (full 0):
 garbage-first heap   total 28672K, used 4036K [0x00000000fe400000, 0x0000000100000000)
  region size 1024K, 2 young (2048K), 2 survivors (2048K)
 Metaspace       used 11712K, capacity 11967K, committed 12160K, reserved 1060864K
  class space    used 1231K, capacity 1317K, committed 1408K, reserved 1048576K
}
Event: 1.166 GC heap before
{Heap before GC invocations=1 (full 0):
 garbage-first heap   total 28672K, used 15300K [0x00000000fe400000, 0x0000000100000000)
  region size 1024K, 14 young (14336K), 2 survivors (2048K)
 Metaspace       used 15912K, capacity 16305K, committed 16512K, reserved 1062912K
  class space    used 1863K, capacity 2050K, committed 2176K, reserved 1048576K
}
Event: 1.172 GC heap after
{Heap after GC invocations=2 (full 0):
 garbage-first heap   total 28672K, used 5485K [0x00000000fe400000, 0x0000000100000000)
  region size 1024K, 2 young (2048K), 2 survivors (2048K)
 Metaspace       used 15912K, capacity 16305K, committed 16512K, reserved 1062912K
  class space    used 1863K, capacity 2050K, committed 2176K, reserved 1048576K
}
Event: 1.327 GC heap before
{Heap before GC invocations=2 (full 0):
 garbage-first heap   total 28672K, used 16749K [0x00000000fe400000, 0x0000000100000000)
  region size 1024K, 13 young (13312K), 2 survivors (2048K)
 Metaspace       used 16115K, capacity 16570K, committed 16768K, reserved 1064960K
  class space    used 1891K, capacity 2094K, committed 2176K, reserved 1048576K
}
Event: 1.334 GC heap after
{Heap after GC invocations=3 (full 0):
 garbage-first heap   total 28672K, used 7391K [0x00000000fe400000, 0x0000000100000000)
  region size 1024K, 2 young (2048K), 2 survivors (2048K)
 Metaspace       used 16115K, capacity 16570K, committed 16768K, reserved 1064960K
  class space    used 1891K, capacity 2094K, committed 2176K, reserved 1048576K
}

