# JRE version: Java(TM) SE Runtime Environment 18.9 (11.0.17+10) (build 11.0.17+10-LTS-269)
# Java VM: Java HotSpot(TM) 64-Bit Server VM 18.9 (11.0.17+10-LTS-269, mixed mode, tiered, compressed oops, g1 gc, windows-amd64)
Heap:
 garbage-first heap   total 28672K, used 20224K [0x00000000fe400000, 0x0000000100000000)
  region size 1024K, 8 young (8192K), 2 survivors (2048K)
 Metaspace       used 20912K, capacity 21430K, committed 21632K, reserved 1067008K
  class space    used 2944K, capacity 3160K, committed 3200K, reserved 1048576K
GC Heap History (10 events):
Event: 1.798 GC heap before
{Heap before GC invocations=8 (full 0):
 garbage-first heap   total 28672K, used 20622K [0x00000000fe400000, 0x0000000100000000)
  region size 1024K, 10 young (10240K), 2 survivors (2048K)
 Metaspace       used 20128K, capacity 20598K, committed 20736K, reserved 1067008K
  class space    used 2802K, capacity 3032K, committed 3072K, reserved 1048576K
}
Event: 1.802 GC heap after
{Heap after GC invocations=9 (full 0):
 garbage-first heap   total 28672K, used 12939K [0x00000000fe400000, 0x0000000100000000)
  region size 1024K, 2 young (2048K), 2 survivors (2048K)
 Metaspace       used 20128K, capacity 20598K, committed 20736K, reserved 1067008K
  class space    used 2802K, capacity 3032K, committed 3072K, reserved 1048576K
}
Event: 1.827 GC heap before
{Heap before GC invocations=9 (full 0):
 garbage-first heap   total 28672K, used 21131K [0x00000000fe400000, 0x0000000100000000)
  region size 1024K, 10 young (10240K), 2 survivors (2048K)
 Metaspace       used 20130K, capacity 20598K, committed 20736K, reserved 1067008K
  class space    used 2802K, capacity 3032K, committed 3072K, reserved 1048576K
}
Event: 1.831 GC heap after
{Heap after GC invocations=10 (full 0):
 garbage-first heap   total 28672K, used 13309K [0x00000000fe400000, 0x0000000100000000)
  region size 1024K, 1 young (1024K), 1 survivors (1024K)
 Metaspace       used 20130K, capacity 20598K, committed 20736K, reserved 1067008K
  class space    used 2802K, capacity 3032K, committed 3072K, reserved 1048576K
}
Event: 1.866 GC heap before
{Heap before GC invocations=10 (full 0):
 garbage-first heap   total 28672K, used 21501K [0x00000000fe400000, 0x0000000100000000)
  region size 1024K, 9 young (9216K), 1 survivors (1024K)
 Metaspace       used 20130K, capacity 20598K, committed 20736K, reserved 1067008K
  class space    used 2802K, capacity 3032K, committed 3072K, reserved 1048576K
}
Event: 1.869 GC heap after
{Heap after GC invocations=11 (full 0):
 garbage-first heap   total 28672K, used 13642K [0x00000000fe400000, 0x0000000100000000)
  region size 1024K, 2 young (2048K), 2 survivors (2048K)
 Metaspace       used 20130K, capacity 20598K, committed 20736K, reserved 1067008K
  class space    used 2802K, capacity 3032K, committed 3072K, reserved 1048576K
}
Event: 1.936 GC heap before
{Heap before GC invocations=12 (full 0):
 garbage-first heap   total 28672K, used 20810K [0x00000000fe400000, 0x0000000100000000)
  region size 1024K, 9 young (9216K), 2 survivors (2048K)
 Metaspace       used 20324K, capacity 20790K, committed 21120K, reserved 1067008K
  class space    used 2880K, capacity 3096K, committed 3200K, reserved 1048576K
}
Event: 1.939 GC heap after
{Heap after GC invocations=13 (full 0):
 garbage-first heap   total 28672K, used 13742K [0x00000000fe400000, 0x0000000100000000)
  region size 1024K, 1 young (1024K), 1 survivors (1024K)
 Metaspace       used 20324K, capacity 20790K, committed 21120K, reserved 1067008K
  class space    used 2880K, capacity 3096K, committed 3200K, reserved 1048576K
}
Event: 2.045 GC heap before
{Heap before GC invocations=13 (full 0):
 garbage-first heap   total 28672K, used 21934K [0x00000000fe400000, 0x0000000100000000)
  region size 1024K, 9 young (9216K), 1 survivors (1024K)
 Metaspace       used 20832K, capacity 21366K, committed 21632K, reserved 1067008K
  class space    used 2944K, capacity 3160K, committed 3200K, reserved 1048576K
}
Event: 2.050 GC heap after
{Heap after GC invocations=14 (full 0):
 garbage-first heap   total 28672K, used 14350K [0x00000000fe400000, 0x0000000100000000)
  region size 1024K, 2 young (2048K), 2 survivors (2048K)
 Metaspace       used 20832K, capacity 21366K, committed 21632K, reserved 1067008K
  class space    used 2944K, capacity 3160K, committed 3200K, reserved 1048576K
}

