# JRE version: Java(TM) SE Runtime Environment 18.9 (11.0.17+10) (build 11.0.17+10-LTS-269)
# Java VM: Java HotSpot(TM) 64-Bit Server VM 18.9 (11.0.17+10-LTS-269, mixed mode, tiered, compressed oops, g1 gc, windows-amd64)
Heap:
 garbage-first heap   total 28672K, used 17453K [0x00000000fe400000, 0x0000000100000000)
  region size 1024K, 5 young (5120K), 2 survivors (2048K)
 Metaspace       used 20907K, capacity 21430K, committed 21632K, reserved 1067008K
  class space    used 2943K, capacity 3160K, committed 3200K, reserved 1048576K
GC Heap History (10 events):
Event: 2.076 GC heap before
{Heap before GC invocations=10 (full 0):
 garbage-first heap   total 28672K, used 21360K [0x00000000fe400000, 0x0000000100000000)
  region size 1024K, 9 young (9216K), 1 survivors (1024K)
 Metaspace       used 20135K, capacity 20610K, committed 20736K, reserved 1067008K
  class space    used 2805K, capacity 3037K, committed 3072K, reserved 1048576K
}
Event: 2.079 GC heap after
{Heap after GC invocations=11 (full 0):
 garbage-first heap   total 28672K, used 13355K [0x00000000fe400000, 0x0000000100000000)
  region size 1024K, 1 young (1024K), 1 survivors (1024K)
 Metaspace       used 20135K, capacity 20610K, committed 20736K, reserved 1067008K
  class space    used 2805K, capacity 3037K, committed 3072K, reserved 1048576K
}
Event: 2.111 GC heap before
{Heap before GC invocations=11 (full 0):
 garbage-first heap   total 28672K, used 21547K [0x00000000fe400000, 0x0000000100000000)
  region size 1024K, 9 young (9216K), 1 survivors (1024K)
 Metaspace       used 20127K, capacity 20598K, committed 20736K, reserved 1067008K
  class space    used 2802K, capacity 3032K, committed 3072K, reserved 1048576K
}
Event: 2.114 GC heap after
{Heap after GC invocations=12 (full 0):
 garbage-first heap   total 28672K, used 13409K [0x00000000fe400000, 0x0000000100000000)
  region size 1024K, 2 young (2048K), 2 survivors (2048K)
 Metaspace       used 20127K, capacity 20598K, committed 20736K, reserved 1067008K
  class space    used 2802K, capacity 3032K, committed 3072K, reserved 1048576K
}
Event: 2.138 GC heap before
{Heap before GC invocations=13 (full 0):
 garbage-first heap   total 28672K, used 20577K [0x00000000fe400000, 0x0000000100000000)
  region size 1024K, 9 young (9216K), 2 survivors (2048K)
 Metaspace       used 20127K, capacity 20598K, committed 20736K, reserved 1067008K
  class space    used 2802K, capacity 3032K, committed 3072K, reserved 1048576K
}
Event: 2.141 GC heap after
{Heap after GC invocations=14 (full 0):
 garbage-first heap   total 28672K, used 13569K [0x00000000fe400000, 0x0000000100000000)
  region size 1024K, 1 young (1024K), 1 survivors (1024K)
 Metaspace       used 20127K, capacity 20598K, committed 20736K, reserved 1067008K
  class space    used 2802K, capacity 3032K, committed 3072K, reserved 1048576K
}
Event: 2.299 GC heap before
{Heap before GC invocations=14 (full 0):
 garbage-first heap   total 28672K, used 21761K [0x00000000fe400000, 0x0000000100000000)
  region size 1024K, 9 young (9216K), 1 survivors (1024K)
 Metaspace       used 20748K, capacity 21270K, committed 21376K, reserved 1067008K
  class space    used 2929K, capacity 3128K, committed 3200K, reserved 1048576K
}
Event: 2.304 GC heap after
{Heap after GC invocations=15 (full 0):
 garbage-first heap   total 28672K, used 14130K [0x00000000fe400000, 0x0000000100000000)
  region size 1024K, 2 young (2048K), 2 survivors (2048K)
 Metaspace       used 20748K, capacity 21270K, committed 21376K, reserved 1067008K
  class space    used 2929K, capacity 3128K, committed 3200K, reserved 1048576K
}
Event: 2.394 GC heap before
{Heap before GC invocations=16 (full 0):
 garbage-first heap   total 28672K, used 21298K [0x00000000fe400000, 0x0000000100000000)
  region size 1024K, 9 young (9216K), 2 survivors (2048K)
 Metaspace       used 20852K, capacity 21366K, committed 21632K, reserved 1067008K
  class space    used 2943K, capacity 3160K, committed 3200K, reserved 1048576K
}
Event: 2.402 GC heap after
{Heap after GC invocations=17 (full 0):
 garbage-first heap   total 28672K, used 14740K [0x00000000fe400000, 0x0000000100000000)
  region size 1024K, 2 young (2048K), 2 survivors (2048K)
 Metaspace       used 20852K, capacity 21366K, committed 21632K, reserved 1067008K
  class space    used 2943K, capacity 3160K, committed 3200K, reserved 1048576K
}

